Using pre-set license
Built from '2021.3/staging' branch; Version is '2021.3.21f1 (1b156197d683) revision 1774945'; Using compiler version '192829333'; Build Type 'Release'
OS: 'Windows 10  (10.0.19045) 64bit Professional' Language: 'en' Physical Memory: 32543 MB
BatchMode: 1, IsHumanControllingUs: 0, StartBugReporterOnCrash: 0, Is64bit: 1, IsPro: 1

COMMAND LINE ARGUMENTS:
C:\Program Files\Unity\Hub\Editor\2021.3.21f1\Editor\Unity.exe
-adb2
-batchMode
-noUpm
-name
AssetImportWorker0
-projectPath
C:/.Neumont/Third Year/Capstone/Capstone/Capstone
-logFile
Logs/AssetImportWorker0.log
-srvPort
62016
Successfully changed project path to: C:/.Neumont/Third Year/Capstone/Capstone/Capstone
C:/.Neumont/Third Year/Capstone/Capstone/Capstone
[UnityMemory] Configuration Parameters - Can be set up in boot.config
    "memorysetup-bucket-allocator-granularity=16"
    "memorysetup-bucket-allocator-bucket-count=8"
    "memorysetup-bucket-allocator-block-size=33554432"
    "memorysetup-bucket-allocator-block-count=8"
    "memorysetup-main-allocator-block-size=16777216"
    "memorysetup-thread-allocator-block-size=16777216"
    "memorysetup-gfx-main-allocator-block-size=16777216"
    "memorysetup-gfx-thread-allocator-block-size=16777216"
    "memorysetup-cache-allocator-block-size=4194304"
    "memorysetup-typetree-allocator-block-size=2097152"
    "memorysetup-profiler-bucket-allocator-granularity=16"
    "memorysetup-profiler-bucket-allocator-bucket-count=8"
    "memorysetup-profiler-bucket-allocator-block-size=33554432"
    "memorysetup-profiler-bucket-allocator-block-count=8"
    "memorysetup-profiler-allocator-block-size=16777216"
    "memorysetup-profiler-editor-allocator-block-size=1048576"
    "memorysetup-temp-allocator-size-main=16777216"
    "memorysetup-job-temp-allocator-block-size=2097152"
    "memorysetup-job-temp-allocator-block-size-background=1048576"
    "memorysetup-job-temp-allocator-reduction-small-platforms=262144"
    "memorysetup-temp-allocator-size-background-worker=32768"
    "memorysetup-temp-allocator-size-job-worker=262144"
    "memorysetup-temp-allocator-size-preload-manager=33554432"
    "memorysetup-temp-allocator-size-nav-mesh-worker=65536"
    "memorysetup-temp-allocator-size-audio-worker=65536"
    "memorysetup-temp-allocator-size-cloud-worker=32768"
    "memorysetup-temp-allocator-size-gi-baking-worker=262144"
    "memorysetup-temp-allocator-size-gfx=262144"
Player connection [24364] Host "[IP] 192.168.1.4 [Port] 0 [Flags] 2 [Guid] 576345107 [EditorId] 576345107 [Version] 1048832 [Id] WindowsEditor(7,DESKTOP-O7KS0UE) [Debug] 1 [PackageName] WindowsEditor [ProjectName] Editor" joined multi-casting on [225.0.0.222:54997]...

Player connection [24364] Host "[IP] 192.168.1.4 [Port] 0 [Flags] 2 [Guid] 576345107 [EditorId] 576345107 [Version] 1048832 [Id] WindowsEditor(7,DESKTOP-O7KS0UE) [Debug] 1 [PackageName] WindowsEditor [ProjectName] Editor" joined alternative multi-casting on [225.0.0.222:34997]...

Refreshing native plugins compatible for Editor in 210.04 ms, found 3 plugins.
Preloading 0 native plugins for Editor in 0.00 ms.
Initialize engine version: 2021.3.21f1 (1b156197d683)
[Subsystems] Discovering subsystems at path C:/Program Files/Unity/Hub/Editor/2021.3.21f1/Editor/Data/Resources/UnitySubsystems
[Subsystems] Discovering subsystems at path C:/.Neumont/Third Year/Capstone/Capstone/Capstone/Assets
GfxDevice: creating device client; threaded=0; jobified=0
Direct3D:
    Version:  Direct3D 11.0 [level 11.1]
    Renderer: NVIDIA GeForce RTX 3070 Laptop GPU (ID=0x249d)
    Vendor:   NVIDIA
    VRAM:     8033 MB
    Driver:   31.0.15.2908
Initialize mono
Mono path[0] = 'C:/Program Files/Unity/Hub/Editor/2021.3.21f1/Editor/Data/Managed'
Mono path[1] = 'C:/Program Files/Unity/Hub/Editor/2021.3.21f1/Editor/Data/MonoBleedingEdge/lib/mono/unityjit-win32'
Mono config path = 'C:/Program Files/Unity/Hub/Editor/2021.3.21f1/Editor/Data/MonoBleedingEdge/etc'
Using monoOptions --debugger-agent=transport=dt_socket,embedding=1,server=y,suspend=n,address=127.0.0.1:56920
Begin MonoManager ReloadAssembly
Registering precompiled unity dll's ...
Register platform support module: C:/Program Files/Unity/Hub/Editor/2021.3.21f1/Editor/Data/PlaybackEngines/WindowsStandaloneSupport/UnityEditor.WindowsStandalone.Extensions.dll
Registered in 0.010047 seconds.
Native extension for WindowsStandalone target not found
Refreshing native plugins compatible for Editor in 367.50 ms, found 3 plugins.
Preloading 0 native plugins for Editor in 0.00 ms.
Mono: successfully reloaded assembly
- Completed reload, in  1.479 seconds
Domain Reload Profiling:
	ReloadAssembly (1479ms)
		BeginReloadAssembly (180ms)
			ExecutionOrderSort (0ms)
			DisableScriptedObjects (0ms)
			BackupInstance (0ms)
			ReleaseScriptingObjects (0ms)
			CreateAndSetChildDomain (2ms)
		EndReloadAssembly (1099ms)
			LoadAssemblies (174ms)
			RebuildTransferFunctionScriptingTraits (0ms)
			SetupTypeCache (193ms)
			ReleaseScriptCaches (0ms)
			RebuildScriptCaches (52ms)
			SetupLoadedEditorAssemblies (763ms)
				LogAssemblyErrors (0ms)
				InitializePlatformSupportModulesInManaged (15ms)
				SetLoadedEditorAssemblies (0ms)
				RefreshPlugins (368ms)
				BeforeProcessingInitializeOnLoad (2ms)
				ProcessInitializeOnLoadAttributes (263ms)
				ProcessInitializeOnLoadMethodAttributes (114ms)
				AfterProcessingInitializeOnLoad (0ms)
				EditorAssembliesLoaded (0ms)
			ExecutionOrderSort2 (0ms)
			AwakeInstancesAfterBackupRestoration (0ms)
Platform modules already initialized, skipping
Registering precompiled user dll's ...
Registered in 0.009853 seconds.
Begin MonoManager ReloadAssembly
Symbol file LoadedFromMemory doesn't match image C:\.Neumont\Third Year\Capstone\Capstone\Capstone\Library\PackageCache\com.unity.visualscripting@1.8.0\Editor\VisualScripting.Core\Dependencies\YamlDotNet\Unity.VisualScripting.YamlDotNet.dll
Symbol file LoadedFromMemory doesn't match image C:\.Neumont\Third Year\Capstone\Capstone\Capstone\Library\PackageCache\com.unity.visualscripting@1.8.0\Editor\VisualScripting.Core\Dependencies\DotNetZip\Unity.VisualScripting.IonicZip.dll
Native extension for WindowsStandalone target not found
Refreshing native plugins compatible for Editor in 0.58 ms, found 3 plugins.
Preloading 0 native plugins for Editor in 0.00 ms.
Mono: successfully reloaded assembly
- Completed reload, in  1.827 seconds
Domain Reload Profiling:
	ReloadAssembly (1829ms)
		BeginReloadAssembly (212ms)
			ExecutionOrderSort (0ms)
			DisableScriptedObjects (12ms)
			BackupInstance (0ms)
			ReleaseScriptingObjects (0ms)
			CreateAndSetChildDomain (26ms)
		EndReloadAssembly (1408ms)
			LoadAssemblies (159ms)
			RebuildTransferFunctionScriptingTraits (0ms)
			SetupTypeCache (503ms)
			ReleaseScriptCaches (1ms)
			RebuildScriptCaches (94ms)
			SetupLoadedEditorAssemblies (603ms)
				LogAssemblyErrors (0ms)
				InitializePlatformSupportModulesInManaged (13ms)
				SetLoadedEditorAssemblies (0ms)
				RefreshPlugins (1ms)
				BeforeProcessingInitializeOnLoad (139ms)
				ProcessInitializeOnLoadAttributes (399ms)
				ProcessInitializeOnLoadMethodAttributes (39ms)
				AfterProcessingInitializeOnLoad (13ms)
				EditorAssembliesLoaded (0ms)
			ExecutionOrderSort2 (0ms)
			AwakeInstancesAfterBackupRestoration (10ms)
Platform modules already initialized, skipping
========================================================================
Worker process is ready to serve import requests
Launched and connected shader compiler UnityShaderCompiler.exe after 0.05 seconds
Refreshing native plugins compatible for Editor in 0.58 ms, found 3 plugins.
Preloading 0 native plugins for Editor in 0.00 ms.
Unloading 3065 Unused Serialized files (Serialized files now loaded: 0)
Unloading 25 unused Assets / (113.6 KB). Loaded Objects now: 3524.
Memory consumption went from 108.3 MB to 108.2 MB.
Total: 2.626800 ms (FindLiveObjects: 0.291200 ms CreateObjectMapping: 0.090600 ms MarkObjects: 2.148900 ms  DeleteObjects: 0.094500 ms)

AssetImportParameters requested are different than current active one (requested -> active):
  custom:video-decoder-ogg-theora: a1e56fd34408186e4bbccfd4996cb3dc -> 
  custom:container-muxer-webm: aa71ff27fc2769a1b78a27578f13a17b -> 
  custom:container-demuxer-webm: 4f35f7cbe854078d1ac9338744f61a02 -> 
  custom:video-encoder-webm-vp8: eb34c28f22e8b96e1ab97ce403110664 -> 
  custom:audio-encoder-webm-vorbis: bf7c407c2cedff20999df2af8eb42d56 -> 
  custom:framework-win-MediaFoundation: 216162199b28c13a410421893ffa2e32 -> 
  custom:container-demuxer-ogg: 62fdf1f143b41e24485cea50d1cbac27 -> 
  custom:video-decoder-webm-vp8: 9c59270c3fd7afecdb556c50c9e8de78 -> 
  custom:audio-decoder-ogg-vorbis: bf7c407c2cedff20999df2af8eb42d56 -> 
========================================================================
Received Import Request.
  Time since last request: 437056.138336 seconds.
  path: Assets/LastPrompt.txt
  artifactKey: Guid(58b4cef4037e4f0438c09447430c211f) Importer(815301076,1909f56bfc062723c751e8b465ee728b)
Start importing Assets/LastPrompt.txt using Guid(58b4cef4037e4f0438c09447430c211f) Importer(815301076,1909f56bfc062723c751e8b465ee728b)  -> (artifact id: '95ff35158e93de28fff5a8e0257204a1') in 0.072827 seconds 
========================================================================
Received Import Request.
  Time since last request: 116.684561 seconds.
  path: Assets/PythonScripts
  artifactKey: Guid(4a49cbccfa8973448b4af409145e62a1) Importer(815301076,1909f56bfc062723c751e8b465ee728b)
Start importing Assets/PythonScripts using Guid(4a49cbccfa8973448b4af409145e62a1) Importer(815301076,1909f56bfc062723c751e8b465ee728b)  -> (artifact id: '41563009211163c82891db34e4b1543b') in 0.007022 seconds 
========================================================================
Received Import Request.
  Time since last request: 3.829844 seconds.
  path: Assets/PythonScripts/ExecuteTestScript.cs
  artifactKey: Guid(d381b2583cc95c744b273c137ae6d83d) Importer(815301076,1909f56bfc062723c751e8b465ee728b)
Start importing Assets/PythonScripts/ExecuteTestScript.cs using Guid(d381b2583cc95c744b273c137ae6d83d) Importer(815301076,1909f56bfc062723c751e8b465ee728b)  -> (artifact id: 'f5e692c3fe4b3ceb5a8945fa1b93f4eb') in 0.021995 seconds 
========================================================================
Received Import Request.
  Time since last request: 24.314888 seconds.
  path: Assets/Editor/PromptClass.cs
  artifactKey: Guid(66e320d12994f404eab9279ac7421a6e) Importer(815301076,1909f56bfc062723c751e8b465ee728b)
Start importing Assets/Editor/PromptClass.cs using Guid(66e320d12994f404eab9279ac7421a6e) Importer(815301076,1909f56bfc062723c751e8b465ee728b)  -> (artifact id: '918986026816d3be06c59a2e88af8cdf') in 0.006272 seconds 
========================================================================
Received Prepare
Registering precompiled user dll's ...
Registered in 0.007692 seconds.
Begin MonoManager ReloadAssembly
Symbol file LoadedFromMemory doesn't match image C:\.Neumont\Third Year\Capstone\Capstone\Capstone\Library\PackageCache\com.unity.visualscripting@1.8.0\Editor\VisualScripting.Core\Dependencies\YamlDotNet\Unity.VisualScripting.YamlDotNet.dll
Symbol file LoadedFromMemory doesn't match image C:\.Neumont\Third Year\Capstone\Capstone\Capstone\Library\PackageCache\com.unity.visualscripting@1.8.0\Editor\VisualScripting.Core\Dependencies\DotNetZip\Unity.VisualScripting.IonicZip.dll
Native extension for WindowsStandalone target not found
Refreshing native plugins compatible for Editor in 0.67 ms, found 3 plugins.
Preloading 0 native plugins for Editor in 0.00 ms.
Mono: successfully reloaded assembly
- Completed reload, in  1.243 seconds
Domain Reload Profiling:
	ReloadAssembly (1244ms)
		BeginReloadAssembly (191ms)
			ExecutionOrderSort (0ms)
			DisableScriptedObjects (6ms)
			BackupInstance (0ms)
			ReleaseScriptingObjects (0ms)
			CreateAndSetChildDomain (50ms)
		EndReloadAssembly (946ms)
			LoadAssemblies (109ms)
			RebuildTransferFunctionScriptingTraits (0ms)
			SetupTypeCache (368ms)
			ReleaseScriptCaches (2ms)
			RebuildScriptCaches (43ms)
			SetupLoadedEditorAssemblies (392ms)
				LogAssemblyErrors (0ms)
				InitializePlatformSupportModulesInManaged (8ms)
				SetLoadedEditorAssemblies (1ms)
				RefreshPlugins (1ms)
				BeforeProcessingInitializeOnLoad (87ms)
				ProcessInitializeOnLoadAttributes (266ms)
				ProcessInitializeOnLoadMethodAttributes (19ms)
				AfterProcessingInitializeOnLoad (10ms)
				EditorAssembliesLoaded (0ms)
			ExecutionOrderSort2 (0ms)
			AwakeInstancesAfterBackupRestoration (6ms)
Platform modules already initialized, skipping
Refreshing native plugins compatible for Editor in 2.37 ms, found 3 plugins.
Preloading 0 native plugins for Editor in 0.00 ms.
Unloading 3061 Unused Serialized files (Serialized files now loaded: 0)
Unloading 18 unused Assets / (79.9 KB). Loaded Objects now: 3529.
Memory consumption went from 108.3 MB to 108.2 MB.
Total: 3.166200 ms (FindLiveObjects: 0.255300 ms CreateObjectMapping: 0.085500 ms MarkObjects: 2.711500 ms  DeleteObjects: 0.112900 ms)

AssetImportParameters requested are different than current active one (requested -> active):
  custom:video-decoder-ogg-theora: a1e56fd34408186e4bbccfd4996cb3dc -> 
  custom:container-muxer-webm: aa71ff27fc2769a1b78a27578f13a17b -> 
  custom:container-demuxer-webm: 4f35f7cbe854078d1ac9338744f61a02 -> 
  custom:video-encoder-webm-vp8: eb34c28f22e8b96e1ab97ce403110664 -> 
  custom:audio-encoder-webm-vorbis: bf7c407c2cedff20999df2af8eb42d56 -> 
  custom:framework-win-MediaFoundation: 216162199b28c13a410421893ffa2e32 -> 
  custom:container-demuxer-ogg: 62fdf1f143b41e24485cea50d1cbac27 -> 
  custom:video-decoder-webm-vp8: 9c59270c3fd7afecdb556c50c9e8de78 -> 
  custom:audio-decoder-ogg-vorbis: bf7c407c2cedff20999df2af8eb42d56 -> 
========================================================================
Received Import Request.
  Time since last request: 302.603463 seconds.
  path: Assets/Editor/PromptClass.cs
  artifactKey: Guid(66e320d12994f404eab9279ac7421a6e) Importer(815301076,1909f56bfc062723c751e8b465ee728b)
Start importing Assets/Editor/PromptClass.cs using Guid(66e320d12994f404eab9279ac7421a6e) Importer(815301076,1909f56bfc062723c751e8b465ee728b)  -> (artifact id: '763dc53dccf5a7232126ba4cf54c2f34') in 0.008404 seconds 
========================================================================
Received Import Request.
  Time since last request: 27.707477 seconds.
  path: Assets/Scenes
  artifactKey: Guid(6ea315d0fd7389c41b19996891e99ae3) Importer(815301076,1909f56bfc062723c751e8b465ee728b)
Start importing Assets/Scenes using Guid(6ea315d0fd7389c41b19996891e99ae3) Importer(815301076,1909f56bfc062723c751e8b465ee728b)  -> (artifact id: 'b8193726cff86800c54781cdc6d54904') in 0.009333 seconds 
========================================================================
Received Import Request.
  Time since last request: 70.137285 seconds.
  path: Assets/Assets/LastPrompt.txt
  artifactKey: Guid(b92c8d89a8823d94a9260fb821de2692) Importer(815301076,1909f56bfc062723c751e8b465ee728b)
Start importing Assets/Assets/LastPrompt.txt using Guid(b92c8d89a8823d94a9260fb821de2692) Importer(815301076,1909f56bfc062723c751e8b465ee728b)  -> (artifact id: '09135b25d9a37ee02e960dd6d5522870') in 0.010386 seconds 
========================================================================
Received Prepare
Registering precompiled user dll's ...
Registered in 0.005783 seconds.
Begin MonoManager ReloadAssembly
Symbol file LoadedFromMemory doesn't match image C:\.Neumont\Third Year\Capstone\Capstone\Capstone\Library\PackageCache\com.unity.visualscripting@1.8.0\Editor\VisualScripting.Core\Dependencies\YamlDotNet\Unity.VisualScripting.YamlDotNet.dll
Symbol file LoadedFromMemory doesn't match image C:\.Neumont\Third Year\Capstone\Capstone\Capstone\Library\PackageCache\com.unity.visualscripting@1.8.0\Editor\VisualScripting.Core\Dependencies\DotNetZip\Unity.VisualScripting.IonicZip.dll
Native extension for WindowsStandalone target not found
Refreshing native plugins compatible for Editor in 0.83 ms, found 3 plugins.
Preloading 0 native plugins for Editor in 0.00 ms.
Mono: successfully reloaded assembly
- Completed reload, in  1.216 seconds
Domain Reload Profiling:
	ReloadAssembly (1217ms)
		BeginReloadAssembly (183ms)
			ExecutionOrderSort (0ms)
			DisableScriptedObjects (9ms)
			BackupInstance (0ms)
			ReleaseScriptingObjects (0ms)
			CreateAndSetChildDomain (48ms)
		EndReloadAssembly (919ms)
			LoadAssemblies (112ms)
			RebuildTransferFunctionScriptingTraits (0ms)
			SetupTypeCache (328ms)
			ReleaseScriptCaches (2ms)
			RebuildScriptCaches (49ms)
			SetupLoadedEditorAssemblies (401ms)
				LogAssemblyErrors (0ms)
				InitializePlatformSupportModulesInManaged (8ms)
				SetLoadedEditorAssemblies (1ms)
				RefreshPlugins (1ms)
				BeforeProcessingInitializeOnLoad (90ms)
				ProcessInitializeOnLoadAttributes (262ms)
				ProcessInitializeOnLoadMethodAttributes (25ms)
				AfterProcessingInitializeOnLoad (14ms)
				EditorAssembliesLoaded (0ms)
			ExecutionOrderSort2 (0ms)
			AwakeInstancesAfterBackupRestoration (8ms)
Platform modules already initialized, skipping
Refreshing native plugins compatible for Editor in 2.06 ms, found 3 plugins.
Preloading 0 native plugins for Editor in 0.00 ms.
Unloading 3061 Unused Serialized files (Serialized files now loaded: 0)
Unloading 18 unused Assets / (79.9 KB). Loaded Objects now: 3532.
Memory consumption went from 108.3 MB to 108.2 MB.
Total: 3.903600 ms (FindLiveObjects: 0.282500 ms CreateObjectMapping: 0.073700 ms MarkObjects: 3.441300 ms  DeleteObjects: 0.104600 ms)

AssetImportParameters requested are different than current active one (requested -> active):
  custom:video-decoder-ogg-theora: a1e56fd34408186e4bbccfd4996cb3dc -> 
  custom:container-muxer-webm: aa71ff27fc2769a1b78a27578f13a17b -> 
  custom:container-demuxer-webm: 4f35f7cbe854078d1ac9338744f61a02 -> 
  custom:video-encoder-webm-vp8: eb34c28f22e8b96e1ab97ce403110664 -> 
  custom:audio-encoder-webm-vorbis: bf7c407c2cedff20999df2af8eb42d56 -> 
  custom:framework-win-MediaFoundation: 216162199b28c13a410421893ffa2e32 -> 
  custom:container-demuxer-ogg: 62fdf1f143b41e24485cea50d1cbac27 -> 
  custom:video-decoder-webm-vp8: 9c59270c3fd7afecdb556c50c9e8de78 -> 
  custom:audio-decoder-ogg-vorbis: bf7c407c2cedff20999df2af8eb42d56 -> 
========================================================================
Received Import Request.
  Time since last request: 31.406958 seconds.
  path: Assets/Treee/mesh.obj
  artifactKey: Guid(13abdb41f87eab347a31084af9bc0822) Importer(815301076,1909f56bfc062723c751e8b465ee728b)
Start importing Assets/Treee/mesh.obj using Guid(13abdb41f87eab347a31084af9bc0822) Importer(815301076,1909f56bfc062723c751e8b465ee728b)  -> (artifact id: 'a7cbc311ded2122ab070a0dab7b7c8a8') in 0.239061 seconds 
========================================================================
Received Import Request.
  Time since last request: 26.673271 seconds.
  path: Assets/Treee/mesh.obj
  artifactKey: Guid(13abdb41f87eab347a31084af9bc0822) Importer(815301076,1909f56bfc062723c751e8b465ee728b)
Start importing Assets/Treee/mesh.obj using Guid(13abdb41f87eab347a31084af9bc0822) Importer(815301076,1909f56bfc062723c751e8b465ee728b)  -> (artifact id: '3c7de3fbcdee7dc177ed27c4b989cd9d') in 0.034983 seconds 
========================================================================
Received Import Request.
  Time since last request: 67.018404 seconds.
  path: Assets/LastPrompt.txt
  artifactKey: Guid(58b4cef4037e4f0438c09447430c211f) Importer(815301076,1909f56bfc062723c751e8b465ee728b)
Start importing Assets/LastPrompt.txt using Guid(58b4cef4037e4f0438c09447430c211f) Importer(815301076,1909f56bfc062723c751e8b465ee728b)  -> (artifact id: 'adbec488845a9c51e4a7e9fb3503871f') in 0.004363 seconds 
========================================================================
Received Import Request.
  Time since last request: 45.403732 seconds.
  path: Assets/LastPrompt.txt
  artifactKey: Guid(58b4cef4037e4f0438c09447430c211f) Importer(815301076,1909f56bfc062723c751e8b465ee728b)
Start importing Assets/LastPrompt.txt using Guid(58b4cef4037e4f0438c09447430c211f) Importer(815301076,1909f56bfc062723c751e8b465ee728b)  -> (artifact id: '135b7e3ac911bd098a4dbd1ece66fd84') in 0.002994 seconds 
========================================================================
Received Import Request.
  Time since last request: 15.578148 seconds.
  path: Assets/LastPrompt.txt
  artifactKey: Guid(58b4cef4037e4f0438c09447430c211f) Importer(815301076,1909f56bfc062723c751e8b465ee728b)
Start importing Assets/LastPrompt.txt using Guid(58b4cef4037e4f0438c09447430c211f) Importer(815301076,1909f56bfc062723c751e8b465ee728b)  -> (artifact id: '6956514b7218df006d63fdf62beb7f5d') in 0.002992 seconds 
